#! /c/iverilog/bin/vvp
:ivl_version "0.9.7 " "(v0_9_7)";
:vpi_time_precision - 12;
:vpi_module "system";
:vpi_module "v2005_math";
:vpi_module "va_math";
S_00898B50 .scope module, "stack" "stack" 2 3;
 .timescale -9 -12;
P_0089439C .param/l "DATA_WIDTH" 2 14, +C4<01000>;
P_008943B0 .param/l "DEPTH" 2 15, +C4<011>;
v01063298_0 .net "CE", 0 0, C4<z>; 0 drivers
v010632F0_0 .net "CLK", 0 0, C4<z>; 0 drivers
v01063348_0 .net "DATA_IN", 7 0, C4<zzzzzzzz>; 0 drivers
v008933E8_0 .var "DATA_OUT", 7 0;
v00893440_0 .var "EMPTY", 0 0;
v00893498_0 .var "FULL", 0 0;
v0089DF70_0 .var "SP", 2 0;
v0089DFC8 .array "STACK", 7 0, 7 0;
v0089E020_0 .net "nRST", 0 0, C4<z>; 0 drivers
v0089E078_0 .net "nRW", 0 0, C4<z>; 0 drivers
E_01063448 .event edge, v0089DF70_0;
E_01063648/0 .event negedge, v0089E020_0;
E_01063648/1 .event posedge, v010632F0_0;
E_01063648 .event/or E_01063648/0, E_01063648/1;
    .scope S_00898B50;
T_0 ;
    %wait E_01063648;
    %load/v 8, v0089E020_0, 1;
    %inv 8, 1;
    %jmp/0xz  T_0.0, 8;
    %ix/load 0, 8, 0;
    %assign/v0 v008933E8_0, 0, 0;
    %ix/load 0, 3, 0;
    %assign/v0 v0089DF70_0, 0, 0;
    %ix/load 0, 1, 0;
    %assign/v0 v00893440_0, 0, 1;
    %ix/load 0, 1, 0;
    %assign/v0 v00893498_0, 0, 0;
    %jmp T_0.1;
T_0.0 ;
    %load/v 8, v0089E078_0, 1;
    %cmpi/u 8, 0, 1;
    %mov 8, 4, 1;
    %load/v 9, v00893440_0, 1;
    %cmpi/u 9, 0, 1;
    %mov 9, 4, 1;
    %and 8, 9, 1;
    %jmp/0xz  T_0.2, 8;
    %load/v 8, v0089DF70_0, 3;
    %mov 11, 0, 29;
    %subi 8, 1, 32;
    %ix/load 0, 3, 0;
    %assign/v0 v0089DF70_0, 0, 8;
    %load/v 16, v0089DF70_0, 3;
    %movi 19, 0, 29;
    %subi 16, 1, 32;
    %ix/get 3, 16, 32;
    %load/av 8, v0089DFC8, 8;
    %ix/load 0, 8, 0;
    %assign/v0 v008933E8_0, 0, 8;
    %jmp T_0.3;
T_0.2 ;
    %load/v 8, v0089E078_0, 1;
    %load/v 9, v00893498_0, 1;
    %cmpi/u 9, 0, 1;
    %mov 9, 4, 1;
    %and 8, 9, 1;
    %jmp/0xz  T_0.4, 8;
    %load/v 8, v0089DF70_0, 3;
    %mov 11, 0, 29;
    %addi 8, 1, 32;
    %ix/load 0, 3, 0;
    %assign/v0 v0089DF70_0, 0, 8;
    %load/v 8, v01063348_0, 8;
    %ix/load 0, 1, 0;
    %load/vp0 16, v0089DF70_0, 32;
    %ix/get 3, 16, 32;
    %jmp/1 t_0, 4;
    %ix/load 0, 8, 0; word width
    %ix/load 1, 0, 0; part off
    %assign/av v0089DFC8, 0, 8;
t_0 ;
T_0.4 ;
T_0.3 ;
T_0.1 ;
    %jmp T_0;
    .thread T_0;
    .scope S_00898B50;
T_1 ;
    %wait E_01063448;
    %load/v 8, v0089DF70_0, 3;
    %cmpi/u 8, 0, 3;
    %jmp/0xz  T_1.0, 4;
    %movi 8, 2, 2;
    %ix/load 0, 1, 0;
    %assign/v0 v00893498_0, 0, 8;
    %ix/load 0, 1, 0;
    %assign/v0 v00893440_0, 0, 9;
    %jmp T_1.1;
T_1.0 ;
    %load/v 8, v0089DF70_0, 3;
    %cmpi/u 8, 7, 3;
    %jmp/0xz  T_1.2, 4;
    %movi 8, 1, 2;
    %ix/load 0, 1, 0;
    %assign/v0 v00893498_0, 0, 8;
    %ix/load 0, 1, 0;
    %assign/v0 v00893440_0, 0, 9;
    %jmp T_1.3;
T_1.2 ;
    %ix/load 0, 1, 0;
    %assign/v0 v00893498_0, 0, 0;
    %ix/load 0, 1, 0;
    %assign/v0 v00893440_0, 0, 0;
T_1.3 ;
T_1.1 ;
    %jmp T_1;
    .thread T_1, $push;
# The file index is used to find the file name in the following table.
:file_names 3;
    "N/A";
    "<interactive>";
    "stack.v";
